nam: Lab7.nam of Tue Oct 29 06:33:36 2019

   *1        ->  x        
   *2        ->  |x       
   x2        ->  |x       
   x1        ->  |x       
   x0        ->  |x       
   |x        ->  |s       
   1|        ->  2        
   2|        ->  |0       
   0|0       ->  10       
   |0        ->  10       
   0|        ->  1        
   |         ->  0|       
   s         ->.          
   *0        ->  *        
   x         ->  0s       
             ->  *        

1
--------------------------------------------------------------------------------
[           ->  *         ]  "*1"
[ *1        ->  x         ]  "x"
[ x         ->  0s        ]  "0s"
[ s         ->.           ]  "0"
--------------------------------------------------------------------------------

2
--------------------------------------------------------------------------------
[           ->  *         ]  "*2"
[ *2        ->  |x        ]  "|x"
[ |x        ->  |s        ]  "|s"
[ |         ->  0|        ]  "0|s"
[ 0|        ->  1         ]  "1s"
[ s         ->.           ]  "1"
--------------------------------------------------------------------------------

12
--------------------------------------------------------------------------------
[           ->  *         ]  "*12"
[ *1        ->  x         ]  "x2"
[ x2        ->  |x        ]  "|x"
[ |x        ->  |s        ]  "|s"
[ |         ->  0|        ]  "0|s"
[ 0|        ->  1         ]  "1s"
[ s         ->.           ]  "1"
--------------------------------------------------------------------------------

2012
--------------------------------------------------------------------------------
[           ->  *         ]  "*2012"
[ *2        ->  |x        ]  "|x012"
[ x0        ->  |x        ]  "||x12"
[ x1        ->  |x        ]  "|||x2"
[ x2        ->  |x        ]  "||||x"
[ |x        ->  |s        ]  "||||s"
[ |         ->  0|        ]  "0||||s"
[ 0|        ->  1         ]  "1|||s"
[ 1|        ->  2         ]  "2||s"
[ 2|        ->  |0        ]  "|0|s"
[ |0        ->  10        ]  "10|s"
[ 0|        ->  1         ]  "11s"
[ s         ->.           ]  "11"
--------------------------------------------------------------------------------





1012
--------------------------------------------------------------------------------
[           ->  *         ]  "*1012"
[ *1        ->  x         ]  "x012"
[ x0        ->  |x        ]  "|x12"
[ x1        ->  |x        ]  "||x2"
[ x2        ->  |x        ]  "|||x"
[ |x        ->  |s        ]  "|||s"
[ |         ->  0|        ]  "0|||s"
[ 0|        ->  1         ]  "1||s"
[ 1|        ->  2         ]  "2|s"
[ 2|        ->  |0        ]  "|0s"
[ |0        ->  10        ]  "10s"
[ s         ->.           ]  "10"
--------------------------------------------------------------------------------

20112
--------------------------------------------------------------------------------
[           ->  *         ]  "*20112"
[ *2        ->  |x        ]  "|x0112"
[ x0        ->  |x        ]  "||x112"
[ x1        ->  |x        ]  "|||x12"
[ x1        ->  |x        ]  "||||x2"
[ x2        ->  |x        ]  "|||||x"
[ |x        ->  |s        ]  "|||||s"
[ |         ->  0|        ]  "0|||||s"
[ 0|        ->  1         ]  "1||||s"
[ 1|        ->  2         ]  "2|||s"
[ 2|        ->  |0        ]  "|0||s"
[ |0        ->  10        ]  "10||s"
[ 0|        ->  1         ]  "11|s"
[ 1|        ->  2         ]  "12s"
[ s         ->.           ]  "12"
--------------------------------------------------------------------------------

120
--------------------------------------------------------------------------------
[           ->  *         ]  "*120"
[ *1        ->  x         ]  "x20"
[ x2        ->  |x        ]  "|x0"
[ x0        ->  |x        ]  "||x"
[ |x        ->  |s        ]  "||s"
[ |         ->  0|        ]  "0||s"
[ 0|        ->  1         ]  "1|s"
[ 1|        ->  2         ]  "2s"
[ s         ->.           ]  "2"
--------------------------------------------------------------------------------

